[
  {
    "data": "DURQVwIPXlpUXBNdGA9FFlpEUlsYEkNdFBNFWwRECxYRVQACVEoTQxcKXVECRAsWAQddWBMSABYL",
    "timestamp": "2025-07-28T22:36:15.302Z"
  },
  {
    "data": "DURQVwIPXlpUXBNBBgJQQBNEHRYVCV9ABA9TQQIJQxZMRFYHR1ATGFQHUkAfEFhAD0QLFhcFRV0ZCAAWWkRVURoSUBZMU0w=",
    "timestamp": "2025-07-28T22:36:15.302Z"
  },
  {
    "data": "DURQVwIPXlpUXBNBBgJQQBNEHRYVCV9ABA9TQQIJQxZMRFYHR1ATGFQHUkAfEFhAD0QLFhcFRV0ZCAMWWkRVURoSUBZMVwFJ",
    "timestamp": "2025-07-28T22:36:15.303Z"
  },
  {
    "data": "DURQVwIPXlpUXBNCFwpYUBcSVBZaREZVGgpUQFRcE0MXCl1RAlcTSQ==",
    "timestamp": "2025-07-28T22:36:15.303Z"
  },
  {
    "data": "DURQVwIPXlpUXBNHDwhSFlpEUlsYEkNdFBNFWwRECxYRVQACVBs=",
    "timestamp": "2025-07-28T22:36:15.303Z"
  },
  {
    "data": "DURQVwIPXlpUXBNYGQVaFlpEUlsYEkNdFBNFWwRECxYRVQACVEoTQxcKXVECRAsWAQddWBMSABZaREFGGRJeVxkKEw5UFkNbAgkTSQ==",
    "timestamp": "2025-07-28T22:36:15.304Z"
  }
]